Arguments: 
  C:\Program Files\nodejs\node.exe C:\Users\Coord. Operações Adr\AppData\Roaming\npm\node_modules\yarn\bin\yarn.js

PATH: 
  C:\Program Files (x86)\Common Files\Oracle\Java\javapath;C:\Program Files (x86)\Intel\Intel(R) Management Engine Components\iCLS\;C:\Program Files\Intel\Intel(R) Management Engine Components\iCLS\;C:\WINDOWS\system32;C:\WINDOWS;C:\WINDOWS\System32\Wbem;C:\WINDOWS\System32\WindowsPowerShell\v1.0\;C:\WINDOWS\System32\OpenSSH\;C:\Program Files (x86)\Intel\Intel(R) Management Engine Components\DAL;C:\Program Files\Intel\Intel(R) Management Engine Components\DAL;C:\Program Files (x86)\Intel\Intel(R) Management Engine Components\IPT;C:\Program Files\Intel\Intel(R) Management Engine Components\IPT;c:\altera\91sp2\quartus\bin;C:\MinGW\bin;C:\Program Files\Git\cmd;C:\ProgramData\chocolatey\bin;C:\Program Files\nodejs\;C:\Users\Public\anaconda3;C:\Users\Public\anaconda3\Library\mingw-w64\bin;C:\Users\Public\anaconda3\Library\usr\bin;C:\Users\Public\anaconda3\Library\bin;C:\Users\Public\anaconda3\Scripts;C:\Users\Coord. Operações Adr\AppData\Local\Microsoft\WindowsApps;C:\Users\Coord. Operações Adr\AppData\Local\Programs\Microsoft VS Code\bin;C:\Users\Coord. Operações Adr\AppData\Roaming\npm

Yarn version: 
  1.22.19

Node version: 
  18.9.0

Platform: 
  win32 x64

Trace: 
  Error: EPERM: operation not permitted, unlink 'C:\CATI\Treinamento\Projeto\mobile\node_modules\@jest\types\node_modules\chalk'

npm manifest: 
  {
    "name": "mobile",
    "version": "1.0.0",
    "main": "node_modules/expo/AppEntry.js",
    "scripts": {
      "start": "expo start",
      "android": "expo start --android",
      "ios": "expo start --ios",
      "web": "expo start --web"
    },
    "dependencies": {
      "@react-native-community/masked-view": "^0.1.11",
      "@react-navigation/native": "^6.0.13",
      "@react-navigation/stack": "^6.3.0",
      "expo": "~46.0.9",
      "expo-constants": "~13.2.4",
      "expo-status-bar": "~1.4.0",
      "react": "18.0.0",
      "react-native": "0.69.5",
      "react-native-gesture-handler": "~2.5.0",
      "react-native-reanimated": "~2.9.1",
      "react-native-safe-area-context": "4.3.1",
      "react-native-screens": "~3.15.0"
    },
    "devDependencies": {
      "@babel/core": "^7.12.9"
    },
    "private": true
  }

yarn manifest: 
  No manifest

Lockfile: 
  No lockfile
